This is pdfTeX, Version 3.14159265-2.6-1.40.16 (TeX Live 2015/Debian) (preloaded format=pdflatex 2017.3.8)  14 JUL 2017 17:24
entering extended mode
 restricted \write18 enabled.
 %&-line parsing enabled.
**notes.tex
(./notes.tex
LaTeX2e <2016/02/01>
Babel <3.9q> and hyphenation patterns for 81 language(s) loaded.
(./llncs.cls
Document Class: llncs 2014/03/31 v2.19 
 LaTeX document class for Lecture Notes in Computer Science
(/usr/share/texlive/texmf-dist/tex/latex/base/article.cls
Document Class: article 2014/09/29 v1.4h Standard LaTeX document class
(/usr/share/texlive/texmf-dist/tex/latex/base/size10.clo
File: size10.clo 2014/09/29 v1.4h Standard LaTeX file (size option)
)
\c@part=\count79
\c@section=\count80
\c@subsection=\count81
\c@subsubsection=\count82
\c@paragraph=\count83
\c@subparagraph=\count84
\c@figure=\count85
\c@table=\count86
\abovecaptionskip=\skip41
\belowcaptionskip=\skip42
\bibindent=\dimen102
)
(/usr/share/texlive/texmf-dist/tex/latex/tools/multicol.sty
Package: multicol 2015/08/19 v1.8n multicolumn formatting (FMi)
\c@tracingmulticols=\count87
\mult@box=\box26
\multicol@leftmargin=\dimen103
\c@unbalance=\count88
\c@collectmore=\count89
\doublecol@number=\count90
\multicoltolerance=\count91
\multicolpretolerance=\count92
\full@width=\dimen104
\page@free=\dimen105
\premulticols=\dimen106
\postmulticols=\dimen107
\multicolsep=\skip43
\multicolbaselineskip=\skip44
\partial@page=\box27
\last@line=\box28
\maxbalancingoverflow=\dimen108
\mult@rightbox=\box29
\mult@grightbox=\box30
\mult@gfirstbox=\box31
\mult@firstbox=\box32
\@tempa=\box33
\@tempa=\box34
\@tempa=\box35
\@tempa=\box36
\@tempa=\box37
\@tempa=\box38
\@tempa=\box39
\@tempa=\box40
\@tempa=\box41
\@tempa=\box42
\@tempa=\box43
\@tempa=\box44
\@tempa=\box45
\@tempa=\box46
\@tempa=\box47
\@tempa=\box48
\@tempa=\box49
\c@columnbadness=\count93
\c@finalcolumnbadness=\count94
\last@try=\dimen109
\multicolovershoot=\dimen110
\multicolundershoot=\dimen111
\mult@nat@firstbox=\box50
\colbreak@box=\box51
\mc@col@check@num=\count95
) (./aliascnt.sty
Package: aliascnt 2009/09/08 v1.3 Alias counter (HO)

(./remreset.sty))
\c@chapter=\count96
LaTeX Font Info:    Redeclaring math symbol \Gamma on input line 362.
LaTeX Font Info:    Redeclaring math symbol \Delta on input line 363.
LaTeX Font Info:    Redeclaring math symbol \Theta on input line 364.
LaTeX Font Info:    Redeclaring math symbol \Lambda on input line 365.
LaTeX Font Info:    Redeclaring math symbol \Xi on input line 366.
LaTeX Font Info:    Redeclaring math symbol \Pi on input line 367.
LaTeX Font Info:    Redeclaring math symbol \Sigma on input line 368.
LaTeX Font Info:    Redeclaring math symbol \Upsilon on input line 369.
LaTeX Font Info:    Redeclaring math symbol \Phi on input line 370.
LaTeX Font Info:    Redeclaring math symbol \Psi on input line 371.
LaTeX Font Info:    Redeclaring math symbol \Omega on input line 372.
\tocchpnum=\dimen112
\tocsecnum=\dimen113
\tocsectotal=\dimen114
\tocsubsecnum=\dimen115
\tocsubsectotal=\dimen116
\tocsubsubsecnum=\dimen117
\tocsubsubsectotal=\dimen118
\tocparanum=\dimen119
\tocparatotal=\dimen120
\tocsubparanum=\dimen121
\@tempcntc=\count97
\fnindent=\dimen122
\c@@inst=\count98
\c@@auth=\count99
\c@auco=\count100
\instindent=\dimen123
\authrun=\box52
\authorrunning=\toks14
\tocauthor=\toks15
\titrun=\box53
\titlerunning=\toks16
\toctitle=\toks17
\c@theorem=\count101
\c@case=\count102
\c@conjecture=\count103
\c@corollary=\count104
\c@definition=\count105
\c@example=\count106
\c@exercise=\count107
\c@lemma=\count108
\c@note=\count109
\c@problem=\count110
\c@property=\count111
\c@proposition=\count112
\c@question=\count113
\c@solution=\count114
\c@remark=\count115
\headlineindent=\dimen124
) (/usr/share/texlive/texmf-dist/tex/latex/base/inputenc.sty
Package: inputenc 2015/03/17 v1.2c Input encoding file
\inpenc@prehook=\toks18
\inpenc@posthook=\toks19

(/usr/share/texlive/texmf-dist/tex/latex/base/utf8.def
File: utf8.def 2015/12/03 v1.1r UTF-8 support for inputenc
Now handling font encoding OML ...
... no UTF-8 mapping file for font encoding OML
Now handling font encoding T1 ...
... processing UTF-8 mapping file for font encoding T1

(/usr/share/texlive/texmf-dist/tex/latex/base/t1enc.dfu
File: t1enc.dfu 2015/12/03 v1.1r UTF-8 support for inputenc
   defining Unicode char U+00A0 (decimal 160)
   defining Unicode char U+00A1 (decimal 161)
   defining Unicode char U+00A3 (decimal 163)
   defining Unicode char U+00AB (decimal 171)
   defining Unicode char U+00AD (decimal 173)
   defining Unicode char U+00BB (decimal 187)
   defining Unicode char U+00BF (decimal 191)
   defining Unicode char U+00C0 (decimal 192)
   defining Unicode char U+00C1 (decimal 193)
   defining Unicode char U+00C2 (decimal 194)
   defining Unicode char U+00C3 (decimal 195)
   defining Unicode char U+00C4 (decimal 196)
   defining Unicode char U+00C5 (decimal 197)
   defining Unicode char U+00C6 (decimal 198)
   defining Unicode char U+00C7 (decimal 199)
   defining Unicode char U+00C8 (decimal 200)
   defining Unicode char U+00C9 (decimal 201)
   defining Unicode char U+00CA (decimal 202)
   defining Unicode char U+00CB (decimal 203)
   defining Unicode char U+00CC (decimal 204)
   defining Unicode char U+00CD (decimal 205)
   defining Unicode char U+00CE (decimal 206)
   defining Unicode char U+00CF (decimal 207)
   defining Unicode char U+00D0 (decimal 208)
   defining Unicode char U+00D1 (decimal 209)
   defining Unicode char U+00D2 (decimal 210)
   defining Unicode char U+00D3 (decimal 211)
   defining Unicode char U+00D4 (decimal 212)
   defining Unicode char U+00D5 (decimal 213)
   defining Unicode char U+00D6 (decimal 214)
   defining Unicode char U+00D8 (decimal 216)
   defining Unicode char U+00D9 (decimal 217)
   defining Unicode char U+00DA (decimal 218)
   defining Unicode char U+00DB (decimal 219)
   defining Unicode char U+00DC (decimal 220)
   defining Unicode char U+00DD (decimal 221)
   defining Unicode char U+00DE (decimal 222)
   defining Unicode char U+00DF (decimal 223)
   defining Unicode char U+00E0 (decimal 224)
   defining Unicode char U+00E1 (decimal 225)
   defining Unicode char U+00E2 (decimal 226)
   defining Unicode char U+00E3 (decimal 227)
   defining Unicode char U+00E4 (decimal 228)
   defining Unicode char U+00E5 (decimal 229)
   defining Unicode char U+00E6 (decimal 230)
   defining Unicode char U+00E7 (decimal 231)
   defining Unicode char U+00E8 (decimal 232)
   defining Unicode char U+00E9 (decimal 233)
   defining Unicode char U+00EA (decimal 234)
   defining Unicode char U+00EB (decimal 235)
   defining Unicode char U+00EC (decimal 236)
   defining Unicode char U+00ED (decimal 237)
   defining Unicode char U+00EE (decimal 238)
   defining Unicode char U+00EF (decimal 239)
   defining Unicode char U+00F0 (decimal 240)
   defining Unicode char U+00F1 (decimal 241)
   defining Unicode char U+00F2 (decimal 242)
   defining Unicode char U+00F3 (decimal 243)
   defining Unicode char U+00F4 (decimal 244)
   defining Unicode char U+00F5 (decimal 245)
   defining Unicode char U+00F6 (decimal 246)
   defining Unicode char U+00F8 (decimal 248)
   defining Unicode char U+00F9 (decimal 249)
   defining Unicode char U+00FA (decimal 250)
   defining Unicode char U+00FB (decimal 251)
   defining Unicode char U+00FC (decimal 252)
   defining Unicode char U+00FD (decimal 253)
   defining Unicode char U+00FE (decimal 254)
   defining Unicode char U+00FF (decimal 255)
   defining Unicode char U+0100 (decimal 256)
   defining Unicode char U+0101 (decimal 257)
   defining Unicode char U+0102 (decimal 258)
   defining Unicode char U+0103 (decimal 259)
   defining Unicode char U+0104 (decimal 260)
   defining Unicode char U+0105 (decimal 261)
   defining Unicode char U+0106 (decimal 262)
   defining Unicode char U+0107 (decimal 263)
   defining Unicode char U+0108 (decimal 264)
   defining Unicode char U+0109 (decimal 265)
   defining Unicode char U+010A (decimal 266)
   defining Unicode char U+010B (decimal 267)
   defining Unicode char U+010C (decimal 268)
   defining Unicode char U+010D (decimal 269)
   defining Unicode char U+010E (decimal 270)
   defining Unicode char U+010F (decimal 271)
   defining Unicode char U+0110 (decimal 272)
   defining Unicode char U+0111 (decimal 273)
   defining Unicode char U+0112 (decimal 274)
   defining Unicode char U+0113 (decimal 275)
   defining Unicode char U+0114 (decimal 276)
   defining Unicode char U+0115 (decimal 277)
   defining Unicode char U+0116 (decimal 278)
   defining Unicode char U+0117 (decimal 279)
   defining Unicode char U+0118 (decimal 280)
   defining Unicode char U+0119 (decimal 281)
   defining Unicode char U+011A (decimal 282)
   defining Unicode char U+011B (decimal 283)
   defining Unicode char U+011C (decimal 284)
   defining Unicode char U+011D (decimal 285)
   defining Unicode char U+011E (decimal 286)
   defining Unicode char U+011F (decimal 287)
   defining Unicode char U+0120 (decimal 288)
   defining Unicode char U+0121 (decimal 289)
   defining Unicode char U+0122 (decimal 290)
   defining Unicode char U+0123 (decimal 291)
   defining Unicode char U+0124 (decimal 292)
   defining Unicode char U+0125 (decimal 293)
   defining Unicode char U+0128 (decimal 296)
   defining Unicode char U+0129 (decimal 297)
   defining Unicode char U+012A (decimal 298)
   defining Unicode char U+012B (decimal 299)
   defining Unicode char U+012C (decimal 300)
   defining Unicode char U+012D (decimal 301)
   defining Unicode char U+012E (decimal 302)
   defining Unicode char U+012F (decimal 303)
   defining Unicode char U+0130 (decimal 304)
   defining Unicode char U+0131 (decimal 305)
   defining Unicode char U+0132 (decimal 306)
   defining Unicode char U+0133 (decimal 307)
   defining Unicode char U+0134 (decimal 308)
   defining Unicode char U+0135 (decimal 309)
   defining Unicode char U+0136 (decimal 310)
   defining Unicode char U+0137 (decimal 311)
   defining Unicode char U+0139 (decimal 313)
   defining Unicode char U+013A (decimal 314)
   defining Unicode char U+013B (decimal 315)
   defining Unicode char U+013C (decimal 316)
   defining Unicode char U+013D (decimal 317)
   defining Unicode char U+013E (decimal 318)
   defining Unicode char U+0141 (decimal 321)
   defining Unicode char U+0142 (decimal 322)
   defining Unicode char U+0143 (decimal 323)
   defining Unicode char U+0144 (decimal 324)
   defining Unicode char U+0145 (decimal 325)
   defining Unicode char U+0146 (decimal 326)
   defining Unicode char U+0147 (decimal 327)
   defining Unicode char U+0148 (decimal 328)
   defining Unicode char U+014A (decimal 330)
   defining Unicode char U+014B (decimal 331)
   defining Unicode char U+014C (decimal 332)
   defining Unicode char U+014D (decimal 333)
   defining Unicode char U+014E (decimal 334)
   defining Unicode char U+014F (decimal 335)
   defining Unicode char U+0150 (decimal 336)
   defining Unicode char U+0151 (decimal 337)
   defining Unicode char U+0152 (decimal 338)
   defining Unicode char U+0153 (decimal 339)
   defining Unicode char U+0154 (decimal 340)
   defining Unicode char U+0155 (decimal 341)
   defining Unicode char U+0156 (decimal 342)
   defining Unicode char U+0157 (decimal 343)
   defining Unicode char U+0158 (decimal 344)
   defining Unicode char U+0159 (decimal 345)
   defining Unicode char U+015A (decimal 346)
   defining Unicode char U+015B (decimal 347)
   defining Unicode char U+015C (decimal 348)
   defining Unicode char U+015D (decimal 349)
   defining Unicode char U+015E (decimal 350)
   defining Unicode char U+015F (decimal 351)
   defining Unicode char U+0160 (decimal 352)
   defining Unicode char U+0161 (decimal 353)
   defining Unicode char U+0162 (decimal 354)
   defining Unicode char U+0163 (decimal 355)
   defining Unicode char U+0164 (decimal 356)
   defining Unicode char U+0165 (decimal 357)
   defining Unicode char U+0168 (decimal 360)
   defining Unicode char U+0169 (decimal 361)
   defining Unicode char U+016A (decimal 362)
   defining Unicode char U+016B (decimal 363)
   defining Unicode char U+016C (decimal 364)
   defining Unicode char U+016D (decimal 365)
   defining Unicode char U+016E (decimal 366)
   defining Unicode char U+016F (decimal 367)
   defining Unicode char U+0170 (decimal 368)
   defining Unicode char U+0171 (decimal 369)
   defining Unicode char U+0172 (decimal 370)
   defining Unicode char U+0173 (decimal 371)
   defining Unicode char U+0174 (decimal 372)
   defining Unicode char U+0175 (decimal 373)
   defining Unicode char U+0176 (decimal 374)
   defining Unicode char U+0177 (decimal 375)
   defining Unicode char U+0178 (decimal 376)
   defining Unicode char U+0179 (decimal 377)
   defining Unicode char U+017A (decimal 378)
   defining Unicode char U+017B (decimal 379)
   defining Unicode char U+017C (decimal 380)
   defining Unicode char U+017D (decimal 381)
   defining Unicode char U+017E (decimal 382)
   defining Unicode char U+01CD (decimal 461)
   defining Unicode char U+01CE (decimal 462)
   defining Unicode char U+01CF (decimal 463)
   defining Unicode char U+01D0 (decimal 464)
   defining Unicode char U+01D1 (decimal 465)
   defining Unicode char U+01D2 (decimal 466)
   defining Unicode char U+01D3 (decimal 467)
   defining Unicode char U+01D4 (decimal 468)
   defining Unicode char U+01E2 (decimal 482)
   defining Unicode char U+01E3 (decimal 483)
   defining Unicode char U+01E6 (decimal 486)
   defining Unicode char U+01E7 (decimal 487)
   defining Unicode char U+01E8 (decimal 488)
   defining Unicode char U+01E9 (decimal 489)
   defining Unicode char U+01EA (decimal 490)
   defining Unicode char U+01EB (decimal 491)
   defining Unicode char U+01F0 (decimal 496)
   defining Unicode char U+01F4 (decimal 500)
   defining Unicode char U+01F5 (decimal 501)
   defining Unicode char U+0218 (decimal 536)
   defining Unicode char U+0219 (decimal 537)
   defining Unicode char U+021A (decimal 538)
   defining Unicode char U+021B (decimal 539)
   defining Unicode char U+01E02 (decimal 7682)
   defining Unicode char U+01E03 (decimal 7683)
   defining Unicode char U+200C (decimal 8204)
   defining Unicode char U+2013 (decimal 8211)
   defining Unicode char U+2014 (decimal 8212)
   defining Unicode char U+2018 (decimal 8216)
   defining Unicode char U+2019 (decimal 8217)
   defining Unicode char U+201A (decimal 8218)
   defining Unicode char U+201C (decimal 8220)
   defining Unicode char U+201D (decimal 8221)
   defining Unicode char U+201E (decimal 8222)
   defining Unicode char U+2030 (decimal 8240)
   defining Unicode char U+2031 (decimal 8241)
   defining Unicode char U+2039 (decimal 8249)
   defining Unicode char U+203A (decimal 8250)
   defining Unicode char U+2423 (decimal 9251)
)
Now handling font encoding OT1 ...
... processing UTF-8 mapping file for font encoding OT1

(/usr/share/texlive/texmf-dist/tex/latex/base/ot1enc.dfu
File: ot1enc.dfu 2015/12/03 v1.1r UTF-8 support for inputenc
   defining Unicode char U+00A0 (decimal 160)
   defining Unicode char U+00A1 (decimal 161)
   defining Unicode char U+00A3 (decimal 163)
   defining Unicode char U+00AD (decimal 173)
   defining Unicode char U+00B8 (decimal 184)
   defining Unicode char U+00BF (decimal 191)
   defining Unicode char U+00C5 (decimal 197)
   defining Unicode char U+00C6 (decimal 198)
   defining Unicode char U+00D8 (decimal 216)
   defining Unicode char U+00DF (decimal 223)
   defining Unicode char U+00E6 (decimal 230)
   defining Unicode char U+00EC (decimal 236)
   defining Unicode char U+00ED (decimal 237)
   defining Unicode char U+00EE (decimal 238)
   defining Unicode char U+00EF (decimal 239)
   defining Unicode char U+00F8 (decimal 248)
   defining Unicode char U+0131 (decimal 305)
   defining Unicode char U+0141 (decimal 321)
   defining Unicode char U+0142 (decimal 322)
   defining Unicode char U+0152 (decimal 338)
   defining Unicode char U+0153 (decimal 339)
   defining Unicode char U+0174 (decimal 372)
   defining Unicode char U+0175 (decimal 373)
   defining Unicode char U+0176 (decimal 374)
   defining Unicode char U+0177 (decimal 375)
   defining Unicode char U+0218 (decimal 536)
   defining Unicode char U+0219 (decimal 537)
   defining Unicode char U+021A (decimal 538)
   defining Unicode char U+021B (decimal 539)
   defining Unicode char U+2013 (decimal 8211)
   defining Unicode char U+2014 (decimal 8212)
   defining Unicode char U+2018 (decimal 8216)
   defining Unicode char U+2019 (decimal 8217)
   defining Unicode char U+201C (decimal 8220)
   defining Unicode char U+201D (decimal 8221)
)
Now handling font encoding OMS ...
... processing UTF-8 mapping file for font encoding OMS

(/usr/share/texlive/texmf-dist/tex/latex/base/omsenc.dfu
File: omsenc.dfu 2015/12/03 v1.1r UTF-8 support for inputenc
   defining Unicode char U+00A7 (decimal 167)
   defining Unicode char U+00B6 (decimal 182)
   defining Unicode char U+00B7 (decimal 183)
   defining Unicode char U+2020 (decimal 8224)
   defining Unicode char U+2021 (decimal 8225)
   defining Unicode char U+2022 (decimal 8226)
)
Now handling font encoding OMX ...
... no UTF-8 mapping file for font encoding OMX
Now handling font encoding U ...
... no UTF-8 mapping file for font encoding U
   defining Unicode char U+00A9 (decimal 169)
   defining Unicode char U+00AA (decimal 170)
   defining Unicode char U+00AE (decimal 174)
   defining Unicode char U+00BA (decimal 186)
   defining Unicode char U+02C6 (decimal 710)
   defining Unicode char U+02DC (decimal 732)
   defining Unicode char U+200C (decimal 8204)
   defining Unicode char U+2026 (decimal 8230)
   defining Unicode char U+2122 (decimal 8482)
   defining Unicode char U+2423 (decimal 9251)
))
(/usr/share/texlive/texmf-dist/tex/latex/natbib/natbib.sty
Package: natbib 2010/09/13 8.31b (PWD, AO)
\bibhang=\skip45
\bibsep=\skip46
LaTeX Info: Redefining \cite on input line 694.
\c@NAT@ctr=\count116
)
(/usr/share/texlive/texmf-dist/tex/latex/amsfonts/amssymb.sty
Package: amssymb 2013/01/14 v3.01 AMS font symbols

(/usr/share/texlive/texmf-dist/tex/latex/amsfonts/amsfonts.sty
Package: amsfonts 2013/01/14 v3.01 Basic AMSFonts support
\@emptytoks=\toks20
\symAMSa=\mathgroup4
\symAMSb=\mathgroup5
LaTeX Font Info:    Overwriting math alphabet `\mathfrak' in version `bold'
(Font)                  U/euf/m/n --> U/euf/b/n on input line 106.
))
(/usr/share/texlive/texmf-dist/tex/latex/graphics/graphicx.sty
Package: graphicx 2014/10/28 v1.0g Enhanced LaTeX Graphics (DPC,SPQR)

(/usr/share/texlive/texmf-dist/tex/latex/graphics/keyval.sty
Package: keyval 2014/10/28 v1.15 key=value parser (DPC)
\KV@toks@=\toks21
)
(/usr/share/texlive/texmf-dist/tex/latex/graphics/graphics.sty
Package: graphics 2016/01/03 v1.0q Standard LaTeX Graphics (DPC,SPQR)

(/usr/share/texlive/texmf-dist/tex/latex/graphics/trig.sty
Package: trig 2016/01/03 v1.10 sin cos tan (DPC)
)
(/usr/share/texlive/texmf-dist/tex/latex/latexconfig/graphics.cfg
File: graphics.cfg 2010/04/23 v1.9 graphics configuration of TeX Live
)
Package graphics Info: Driver file: pdftex.def on input line 95.

(/usr/share/texlive/texmf-dist/tex/latex/pdftex-def/pdftex.def
File: pdftex.def 2011/05/27 v0.06d Graphics/color for pdfTeX

(/usr/share/texlive/texmf-dist/tex/generic/oberdiek/infwarerr.sty
Package: infwarerr 2010/04/08 v1.3 Providing info/warning/error messages (HO)
)
(/usr/share/texlive/texmf-dist/tex/generic/oberdiek/ltxcmds.sty
Package: ltxcmds 2011/11/09 v1.22 LaTeX kernel commands for general use (HO)
)
\Gread@gobject=\count117
))
\Gin@req@height=\dimen125
\Gin@req@width=\dimen126
)
(/usr/share/texmf/tex/latex/lm/lmodern.sty
Package: lmodern 2009/10/30 v1.6 Latin Modern Fonts
LaTeX Font Info:    Overwriting symbol font `operators' in version `normal'
(Font)                  OT1/cmr/m/n --> OT1/lmr/m/n on input line 22.
LaTeX Font Info:    Overwriting symbol font `letters' in version `normal'
(Font)                  OML/cmm/m/it --> OML/lmm/m/it on input line 23.
LaTeX Font Info:    Overwriting symbol font `symbols' in version `normal'
(Font)                  OMS/cmsy/m/n --> OMS/lmsy/m/n on input line 24.
LaTeX Font Info:    Overwriting symbol font `largesymbols' in version `normal'
(Font)                  OMX/cmex/m/n --> OMX/lmex/m/n on input line 25.
LaTeX Font Info:    Overwriting symbol font `operators' in version `bold'
(Font)                  OT1/cmr/bx/n --> OT1/lmr/bx/n on input line 26.
LaTeX Font Info:    Overwriting symbol font `letters' in version `bold'
(Font)                  OML/cmm/b/it --> OML/lmm/b/it on input line 27.
LaTeX Font Info:    Overwriting symbol font `symbols' in version `bold'
(Font)                  OMS/cmsy/b/n --> OMS/lmsy/b/n on input line 28.
LaTeX Font Info:    Overwriting symbol font `largesymbols' in version `bold'
(Font)                  OMX/cmex/m/n --> OMX/lmex/m/n on input line 29.
LaTeX Font Info:    Overwriting math alphabet `\mathbf' in version `normal'
(Font)                  OT1/cmr/bx/n --> OT1/lmr/bx/n on input line 31.
LaTeX Font Info:    Overwriting math alphabet `\mathsf' in version `normal'
(Font)                  OT1/cmss/m/n --> OT1/lmss/m/n on input line 32.
LaTeX Font Info:    Overwriting math alphabet `\mathit' in version `normal'
(Font)                  OT1/cmr/m/it --> OT1/lmr/m/it on input line 33.
LaTeX Font Info:    Overwriting math alphabet `\mathtt' in version `normal'
(Font)                  OT1/cmtt/m/n --> OT1/lmtt/m/n on input line 34.
LaTeX Font Info:    Overwriting math alphabet `\mathbf' in version `bold'
(Font)                  OT1/cmr/bx/n --> OT1/lmr/bx/n on input line 35.
LaTeX Font Info:    Overwriting math alphabet `\mathsf' in version `bold'
(Font)                  OT1/cmss/bx/n --> OT1/lmss/bx/n on input line 36.
LaTeX Font Info:    Overwriting math alphabet `\mathit' in version `bold'
(Font)                  OT1/cmr/bx/it --> OT1/lmr/bx/it on input line 37.
LaTeX Font Info:    Overwriting math alphabet `\mathtt' in version `bold'
(Font)                  OT1/cmtt/m/n --> OT1/lmtt/m/n on input line 38.
)
(/usr/share/texlive/texmf-dist/tex/latex/base/fontenc.sty
Package: fontenc 2005/09/27 v1.99g Standard LaTeX package

(/usr/share/texlive/texmf-dist/tex/latex/base/t1enc.def
File: t1enc.def 2005/09/27 v1.99g Standard LaTeX file
LaTeX Font Info:    Redeclaring font encoding T1 on input line 48.
))
(/usr/share/texlive/texmf-dist/tex/latex/amsmath/amsmath.sty
Package: amsmath 2016/03/03 v2.15a AMS math features
\@mathmargin=\skip47

For additional information on amsmath, use the `?' option.
(/usr/share/texlive/texmf-dist/tex/latex/amsmath/amstext.sty
Package: amstext 2000/06/29 v2.01 AMS text

(/usr/share/texlive/texmf-dist/tex/latex/amsmath/amsgen.sty
File: amsgen.sty 1999/11/30 v2.0 generic functions
\@emptytoks=\toks22
\ex@=\dimen127
))
(/usr/share/texlive/texmf-dist/tex/latex/amsmath/amsbsy.sty
Package: amsbsy 1999/11/29 v1.2d Bold Symbols
\pmbraise@=\dimen128
)
(/usr/share/texlive/texmf-dist/tex/latex/amsmath/amsopn.sty
Package: amsopn 1999/12/14 v2.01 operator names
)
\inf@bad=\count118
LaTeX Info: Redefining \frac on input line 199.
\uproot@=\count119
\leftroot@=\count120
LaTeX Info: Redefining \overline on input line 297.
\classnum@=\count121
\DOTSCASE@=\count122
LaTeX Info: Redefining \ldots on input line 394.
LaTeX Info: Redefining \dots on input line 397.
LaTeX Info: Redefining \cdots on input line 518.
\Mathstrutbox@=\box54
\strutbox@=\box55
\big@size=\dimen129
LaTeX Font Info:    Redeclaring font encoding OML on input line 630.
LaTeX Font Info:    Redeclaring font encoding OMS on input line 631.


Package amsmath Warning: Unable to redefine math accent \vec.

\macc@depth=\count123
\c@MaxMatrixCols=\count124
\dotsspace@=\muskip10
\c@parentequation=\count125
\dspbrk@lvl=\count126
\tag@help=\toks23
\row@=\count127
\column@=\count128
\maxfields@=\count129
\andhelp@=\toks24
\eqnshift@=\dimen130
\alignsep@=\dimen131
\tagshift@=\dimen132
\tagwidth@=\dimen133
\totwidth@=\dimen134
\lineht@=\dimen135
\@envbody=\toks25
\multlinegap=\skip48
\multlinetaggap=\skip49
\mathdisplay@stack=\toks26
LaTeX Info: Redefining \[ on input line 2735.
LaTeX Info: Redefining \] on input line 2736.
) (./mcode.sty
-- Package: `mcode' 2.3 <2012/08/31> --
Package: mcode 2012/08/31 2.3
 - settings optimized for display (colour formating)
 - line numbering enabled
(/usr/share/texlive/texmf-dist/tex/latex/xcolor/xcolor.sty
Package: xcolor 2007/01/21 v2.11 LaTeX color extensions (UK)

(/usr/share/texlive/texmf-dist/tex/latex/latexconfig/color.cfg
File: color.cfg 2007/01/18 v1.5 color configuration of teTeX/TeXLive
)
Package xcolor Info: Driver file: pdftex.def on input line 225.
Package xcolor Info: Model `cmy' substituted by `cmy0' on input line 1337.
Package xcolor Info: Model `hsb' substituted by `rgb' on input line 1341.
Package xcolor Info: Model `RGB' extended on input line 1353.
Package xcolor Info: Model `HTML' substituted by `rgb' on input line 1355.
Package xcolor Info: Model `Hsb' substituted by `hsb' on input line 1356.
Package xcolor Info: Model `tHsb' substituted by `hsb' on input line 1357.
Package xcolor Info: Model `HSB' substituted by `hsb' on input line 1358.
Package xcolor Info: Model `Gray' substituted by `gray' on input line 1359.
Package xcolor Info: Model `wave' substituted by `hsb' on input line 1360.
)
(/usr/share/texlive/texmf-dist/tex/latex/listings/listings.sty
\lst@mode=\count130
\lst@gtempboxa=\box56
\lst@token=\toks27
\lst@length=\count131
\lst@currlwidth=\dimen136
\lst@column=\count132
\lst@pos=\count133
\lst@lostspace=\dimen137
\lst@width=\dimen138
\lst@newlines=\count134
\lst@lineno=\count135
\lst@maxwidth=\dimen139

(/usr/share/texlive/texmf-dist/tex/latex/listings/lstmisc.sty
File: lstmisc.sty 2015/06/04 1.6 (Carsten Heinz)
\c@lstnumber=\count136
\lst@skipnumbers=\count137
\lst@framebox=\box57
)
(/usr/share/texlive/texmf-dist/tex/latex/listings/listings.cfg
File: listings.cfg 2015/06/04 1.6 listings configuration
))
Package: listings 2015/06/04 1.6 (Carsten Heinz)

(/usr/share/texlive/texmf-dist/tex/latex/base/textcomp.sty
Package: textcomp 2005/09/27 v1.99g Standard LaTeX package
Package textcomp Info: Sub-encoding information:
(textcomp)               5 = only ISO-Adobe without \textcurrency
(textcomp)               4 = 5 + \texteuro
(textcomp)               3 = 4 + \textohm
(textcomp)               2 = 3 + \textestimated + \textcurrency
(textcomp)               1 = TS1 - \textcircled - \t
(textcomp)               0 = TS1 (full)
(textcomp)             Font families with sub-encoding setting implement
(textcomp)             only a restricted character set as indicated.
(textcomp)             Family '?' is the default used for unknown fonts.
(textcomp)             See the documentation for details.
Package textcomp Info: Setting ? sub-encoding to TS1/1 on input line 79.

(/usr/share/texlive/texmf-dist/tex/latex/base/ts1enc.def
File: ts1enc.def 2001/06/05 v3.0e (jk/car/fm) Standard LaTeX file
Now handling font encoding TS1 ...
... processing UTF-8 mapping file for font encoding TS1

(/usr/share/texlive/texmf-dist/tex/latex/base/ts1enc.dfu
File: ts1enc.dfu 2015/12/03 v1.1r UTF-8 support for inputenc
   defining Unicode char U+00A2 (decimal 162)
   defining Unicode char U+00A3 (decimal 163)
   defining Unicode char U+00A4 (decimal 164)
   defining Unicode char U+00A5 (decimal 165)
   defining Unicode char U+00A6 (decimal 166)
   defining Unicode char U+00A7 (decimal 167)
   defining Unicode char U+00A8 (decimal 168)
   defining Unicode char U+00A9 (decimal 169)
   defining Unicode char U+00AA (decimal 170)
   defining Unicode char U+00AC (decimal 172)
   defining Unicode char U+00AE (decimal 174)
   defining Unicode char U+00AF (decimal 175)
   defining Unicode char U+00B0 (decimal 176)
   defining Unicode char U+00B1 (decimal 177)
   defining Unicode char U+00B2 (decimal 178)
   defining Unicode char U+00B3 (decimal 179)
   defining Unicode char U+00B4 (decimal 180)
   defining Unicode char U+00B5 (decimal 181)
   defining Unicode char U+00B6 (decimal 182)
   defining Unicode char U+00B7 (decimal 183)
   defining Unicode char U+00B9 (decimal 185)
   defining Unicode char U+00BA (decimal 186)
   defining Unicode char U+00BC (decimal 188)
   defining Unicode char U+00BD (decimal 189)
   defining Unicode char U+00BE (decimal 190)
   defining Unicode char U+00D7 (decimal 215)
   defining Unicode char U+00F7 (decimal 247)
   defining Unicode char U+0192 (decimal 402)
   defining Unicode char U+02C7 (decimal 711)
   defining Unicode char U+02D8 (decimal 728)
   defining Unicode char U+02DD (decimal 733)
   defining Unicode char U+0E3F (decimal 3647)
   defining Unicode char U+2016 (decimal 8214)
   defining Unicode char U+2020 (decimal 8224)
   defining Unicode char U+2021 (decimal 8225)
   defining Unicode char U+2022 (decimal 8226)
   defining Unicode char U+2030 (decimal 8240)
   defining Unicode char U+2031 (decimal 8241)
   defining Unicode char U+203B (decimal 8251)
   defining Unicode char U+203D (decimal 8253)
   defining Unicode char U+2044 (decimal 8260)
   defining Unicode char U+204E (decimal 8270)
   defining Unicode char U+2052 (decimal 8274)
   defining Unicode char U+20A1 (decimal 8353)
   defining Unicode char U+20A4 (decimal 8356)
   defining Unicode char U+20A6 (decimal 8358)
   defining Unicode char U+20A9 (decimal 8361)
   defining Unicode char U+20AB (decimal 8363)
   defining Unicode char U+20AC (decimal 8364)
   defining Unicode char U+20B1 (decimal 8369)
   defining Unicode char U+2103 (decimal 8451)
   defining Unicode char U+2116 (decimal 8470)
   defining Unicode char U+2117 (decimal 8471)
   defining Unicode char U+211E (decimal 8478)
   defining Unicode char U+2120 (decimal 8480)
   defining Unicode char U+2122 (decimal 8482)
   defining Unicode char U+2126 (decimal 8486)
   defining Unicode char U+2127 (decimal 8487)
   defining Unicode char U+212E (decimal 8494)
   defining Unicode char U+2190 (decimal 8592)
   defining Unicode char U+2191 (decimal 8593)
   defining Unicode char U+2192 (decimal 8594)
   defining Unicode char U+2193 (decimal 8595)
   defining Unicode char U+2329 (decimal 9001)
   defining Unicode char U+232A (decimal 9002)
   defining Unicode char U+2422 (decimal 9250)
   defining Unicode char U+25E6 (decimal 9702)
   defining Unicode char U+25EF (decimal 9711)
   defining Unicode char U+266A (decimal 9834)
))
LaTeX Info: Redefining \oldstylenums on input line 334.
Package textcomp Info: Setting cmr sub-encoding to TS1/0 on input line 349.
Package textcomp Info: Setting cmss sub-encoding to TS1/0 on input line 350.
Package textcomp Info: Setting cmtt sub-encoding to TS1/0 on input line 351.
Package textcomp Info: Setting cmvtt sub-encoding to TS1/0 on input line 352.
Package textcomp Info: Setting cmbr sub-encoding to TS1/0 on input line 353.
Package textcomp Info: Setting cmtl sub-encoding to TS1/0 on input line 354.
Package textcomp Info: Setting ccr sub-encoding to TS1/0 on input line 355.
Package textcomp Info: Setting ptm sub-encoding to TS1/4 on input line 356.
Package textcomp Info: Setting pcr sub-encoding to TS1/4 on input line 357.
Package textcomp Info: Setting phv sub-encoding to TS1/4 on input line 358.
Package textcomp Info: Setting ppl sub-encoding to TS1/3 on input line 359.
Package textcomp Info: Setting pag sub-encoding to TS1/4 on input line 360.
Package textcomp Info: Setting pbk sub-encoding to TS1/4 on input line 361.
Package textcomp Info: Setting pnc sub-encoding to TS1/4 on input line 362.
Package textcomp Info: Setting pzc sub-encoding to TS1/4 on input line 363.
Package textcomp Info: Setting bch sub-encoding to TS1/4 on input line 364.
Package textcomp Info: Setting put sub-encoding to TS1/5 on input line 365.
Package textcomp Info: Setting uag sub-encoding to TS1/5 on input line 366.
Package textcomp Info: Setting ugq sub-encoding to TS1/5 on input line 367.
Package textcomp Info: Setting ul8 sub-encoding to TS1/4 on input line 368.
Package textcomp Info: Setting ul9 sub-encoding to TS1/4 on input line 369.
Package textcomp Info: Setting augie sub-encoding to TS1/5 on input line 370.
Package textcomp Info: Setting dayrom sub-encoding to TS1/3 on input line 371.
Package textcomp Info: Setting dayroms sub-encoding to TS1/3 on input line 372.

Package textcomp Info: Setting pxr sub-encoding to TS1/0 on input line 373.
Package textcomp Info: Setting pxss sub-encoding to TS1/0 on input line 374.
Package textcomp Info: Setting pxtt sub-encoding to TS1/0 on input line 375.
Package textcomp Info: Setting txr sub-encoding to TS1/0 on input line 376.
Package textcomp Info: Setting txss sub-encoding to TS1/0 on input line 377.
Package textcomp Info: Setting txtt sub-encoding to TS1/0 on input line 378.
Package textcomp Info: Setting lmr sub-encoding to TS1/0 on input line 379.
Package textcomp Info: Setting lmdh sub-encoding to TS1/0 on input line 380.
Package textcomp Info: Setting lmss sub-encoding to TS1/0 on input line 381.
Package textcomp Info: Setting lmssq sub-encoding to TS1/0 on input line 382.
Package textcomp Info: Setting lmvtt sub-encoding to TS1/0 on input line 383.
Package textcomp Info: Setting lmtt sub-encoding to TS1/0 on input line 384.
Package textcomp Info: Setting qhv sub-encoding to TS1/0 on input line 385.
Package textcomp Info: Setting qag sub-encoding to TS1/0 on input line 386.
Package textcomp Info: Setting qbk sub-encoding to TS1/0 on input line 387.
Package textcomp Info: Setting qcr sub-encoding to TS1/0 on input line 388.
Package textcomp Info: Setting qcs sub-encoding to TS1/0 on input line 389.
Package textcomp Info: Setting qpl sub-encoding to TS1/0 on input line 390.
Package textcomp Info: Setting qtm sub-encoding to TS1/0 on input line 391.
Package textcomp Info: Setting qzc sub-encoding to TS1/0 on input line 392.
Package textcomp Info: Setting qhvc sub-encoding to TS1/0 on input line 393.
Package textcomp Info: Setting futs sub-encoding to TS1/4 on input line 394.
Package textcomp Info: Setting futx sub-encoding to TS1/4 on input line 395.
Package textcomp Info: Setting futj sub-encoding to TS1/4 on input line 396.
Package textcomp Info: Setting hlh sub-encoding to TS1/3 on input line 397.
Package textcomp Info: Setting hls sub-encoding to TS1/3 on input line 398.
Package textcomp Info: Setting hlst sub-encoding to TS1/3 on input line 399.
Package textcomp Info: Setting hlct sub-encoding to TS1/5 on input line 400.
Package textcomp Info: Setting hlx sub-encoding to TS1/5 on input line 401.
Package textcomp Info: Setting hlce sub-encoding to TS1/5 on input line 402.
Package textcomp Info: Setting hlcn sub-encoding to TS1/5 on input line 403.
Package textcomp Info: Setting hlcw sub-encoding to TS1/5 on input line 404.
Package textcomp Info: Setting hlcf sub-encoding to TS1/5 on input line 405.
Package textcomp Info: Setting pplx sub-encoding to TS1/3 on input line 406.
Package textcomp Info: Setting pplj sub-encoding to TS1/3 on input line 407.
Package textcomp Info: Setting ptmx sub-encoding to TS1/4 on input line 408.
Package textcomp Info: Setting ptmj sub-encoding to TS1/4 on input line 409.
))
(/usr/share/texlive/texmf-dist/tex/latex/csvsimple/csvsimple.sty
Package: csvsimple 2014/07/14 version 1.12 LaTeX CSV file processing

(/usr/share/texlive/texmf-dist/tex/latex/pgf/utilities/pgfkeys.sty
(/usr/share/texlive/texmf-dist/tex/generic/pgf/utilities/pgfkeys.code.tex
\pgfkeys@pathtoks=\toks28
\pgfkeys@temptoks=\toks29

(/usr/share/texlive/texmf-dist/tex/generic/pgf/utilities/pgfkeysfiltered.code.t
ex
\pgfkeys@tmptoks=\toks30
))) (/usr/share/texlive/texmf-dist/tex/latex/base/ifthen.sty
Package: ifthen 2014/09/29 v1.1c Standard LaTeX ifthen package (DPC)
)
\csv@file=\read1
\c@csvinputline=\count138
\c@csvrow=\count139
\c@csvcol=\count140
\csv@out=\write3
)
(/usr/share/texlive/texmf-dist/tex/latex/float/float.sty
Package: float 2001/11/08 v1.3d Float enhancements (AL)
\c@float@type=\count141
\float@exts=\toks31
\float@box=\box58
\@float@everytoks=\toks32
\@floatcapt=\box59
)
(/usr/share/texlive/texmf-dist/tex/latex/multirow/multirow.sty
\bigstrutjot=\dimen140
)
(/usr/share/texlive/texmf-dist/tex/latex/url/url.sty
\Urlmuskip=\muskip11
Package: url 2013/09/16  ver 3.4  Verb mode for urls, etc.
) (./notes.aux

LaTeX Warning: Label `uloha1:pic1' multiply defined.


LaTeX Warning: Label `uloha1:pic1' multiply defined.


LaTeX Warning: Label `uloha1:pic1' multiply defined.


LaTeX Warning: Label `uloha1:pic1' multiply defined.


LaTeX Warning: Label `uloha1:pic1' multiply defined.


LaTeX Warning: Label `uloha1:pic1' multiply defined.


LaTeX Warning: Label `uloha1:pic1' multiply defined.


LaTeX Warning: Label `uloha1:pic1' multiply defined.


LaTeX Warning: Label `uloha1:pic1' multiply defined.


LaTeX Warning: Label `uloha1:pic1' multiply defined.


LaTeX Warning: Label `uloha1:pic1' multiply defined.


LaTeX Warning: Label `uloha1:pic1' multiply defined.


LaTeX Warning: Label `uloha1:pic1' multiply defined.


LaTeX Warning: Label `uloha1:pic1' multiply defined.


LaTeX Warning: Label `uloha1:pic1' multiply defined.


LaTeX Warning: Label `uloha1:pic1' multiply defined.


LaTeX Warning: Label `uloha1:pic1' multiply defined.


LaTeX Warning: Label `my-label' multiply defined.


LaTeX Warning: Label `uloha1:pic1' multiply defined.


LaTeX Warning: Label `uloha1:pic1' multiply defined.


LaTeX Warning: Label `uloha1:pic1' multiply defined.


LaTeX Warning: Label `uloha1:pic1' multiply defined.


LaTeX Warning: Label `uloha1:pic1' multiply defined.


LaTeX Warning: Label `uloha1:pic1' multiply defined.


LaTeX Warning: Label `uloha1:pic1' multiply defined.


LaTeX Warning: Label `uloha1:pic1' multiply defined.


LaTeX Warning: Label `uloha1:pic1' multiply defined.

)
\openout1 = `notes.aux'.

LaTeX Font Info:    Checking defaults for OML/cmm/m/it on input line 98.
LaTeX Font Info:    ... okay on input line 98.
LaTeX Font Info:    Checking defaults for T1/cmr/m/n on input line 98.
LaTeX Font Info:    ... okay on input line 98.
LaTeX Font Info:    Checking defaults for OT1/cmr/m/n on input line 98.
LaTeX Font Info:    ... okay on input line 98.
LaTeX Font Info:    Checking defaults for OMS/cmsy/m/n on input line 98.
LaTeX Font Info:    ... okay on input line 98.
LaTeX Font Info:    Checking defaults for OMX/cmex/m/n on input line 98.
LaTeX Font Info:    ... okay on input line 98.
LaTeX Font Info:    Checking defaults for U/cmr/m/n on input line 98.
LaTeX Font Info:    ... okay on input line 98.
LaTeX Font Info:    Checking defaults for TS1/cmr/m/n on input line 98.
LaTeX Font Info:    Try loading font information for TS1+cmr on input line 98.
 (/usr/share/texlive/texmf-dist/tex/latex/base/ts1cmr.fd
File: ts1cmr.fd 2014/09/29 v2.5h Standard LaTeX font definitions
)
LaTeX Font Info:    ... okay on input line 98.
LaTeX Font Info:    Try loading font information for T1+lmr on input line 98.

(/usr/share/texmf/tex/latex/lm/t1lmr.fd
File: t1lmr.fd 2009/10/30 v1.6 Font defs for Latin Modern
)
(/usr/share/texlive/texmf-dist/tex/context/base/supp-pdf.mkii
[Loading MPS to PDF converter (version 2006.09.02).]
\scratchcounter=\count142
\scratchdimen=\dimen141
\scratchbox=\box60
\nofMPsegments=\count143
\nofMParguments=\count144
\everyMPshowfont=\toks33
\MPscratchCnt=\count145
\MPscratchDim=\dimen142
\MPnumerator=\count146
\makeMPintoPDFobject=\count147
\everyMPtoPDFconversion=\toks34
) (/usr/share/texlive/texmf-dist/tex/generic/oberdiek/pdftexcmds.sty
Package: pdftexcmds 2011/11/29 v0.20 Utility functions of pdfTeX for LuaTeX (HO
)

(/usr/share/texlive/texmf-dist/tex/generic/oberdiek/ifluatex.sty
Package: ifluatex 2010/03/01 v1.3 Provides the ifluatex switch (HO)
Package ifluatex Info: LuaTeX not detected.
)
(/usr/share/texlive/texmf-dist/tex/generic/oberdiek/ifpdf.sty
Package: ifpdf 2011/01/30 v2.3 Provides the ifpdf switch (HO)
Package ifpdf Info: pdfTeX in PDF mode is detected.
)
Package pdftexcmds Info: LuaTeX not detected.
Package pdftexcmds Info: \pdf@primitive is available.
Package pdftexcmds Info: \pdf@ifprimitive is available.
Package pdftexcmds Info: \pdfdraftmode found.
)
(/usr/share/texlive/texmf-dist/tex/latex/oberdiek/epstopdf-base.sty
Package: epstopdf-base 2010/02/09 v2.5 Base part for package epstopdf

(/usr/share/texlive/texmf-dist/tex/latex/oberdiek/grfext.sty
Package: grfext 2010/08/19 v1.1 Manage graphics extensions (HO)

(/usr/share/texlive/texmf-dist/tex/generic/oberdiek/kvdefinekeys.sty
Package: kvdefinekeys 2011/04/07 v1.3 Define keys (HO)
))
(/usr/share/texlive/texmf-dist/tex/latex/oberdiek/kvoptions.sty
Package: kvoptions 2011/06/30 v3.11 Key value format for package options (HO)

(/usr/share/texlive/texmf-dist/tex/generic/oberdiek/kvsetkeys.sty
Package: kvsetkeys 2012/04/25 v1.16 Key value parser (HO)

(/usr/share/texlive/texmf-dist/tex/generic/oberdiek/etexcmds.sty
Package: etexcmds 2011/02/16 v1.5 Avoid name clashes with e-TeX commands (HO)
Package etexcmds Info: Could not find \expanded.
(etexcmds)             That can mean that you are not using pdfTeX 1.50 or
(etexcmds)             that some package has redefined \expanded.
(etexcmds)             In the latter case, load this package earlier.
)))
Package grfext Info: Graphics extension search list:
(grfext)             [.png,.pdf,.jpg,.mps,.jpeg,.jbig2,.jb2,.PNG,.PDF,.JPG,.JPE
G,.JBIG2,.JB2,.eps]
(grfext)             \AppendGraphicsExtensions on input line 452.

(/usr/share/texlive/texmf-dist/tex/latex/latexconfig/epstopdf-sys.cfg
File: epstopdf-sys.cfg 2010/07/13 v1.3 Configuration of (r)epstopdf for TeX Liv
e
))
\c@lstlisting=\count148
LaTeX Font Info:    Try loading font information for OT1+lmr on input line 115.


(/usr/share/texmf/tex/latex/lm/ot1lmr.fd
File: ot1lmr.fd 2009/10/30 v1.6 Font defs for Latin Modern
)
LaTeX Font Info:    Try loading font information for OML+lmm on input line 115.


(/usr/share/texmf/tex/latex/lm/omllmm.fd
File: omllmm.fd 2009/10/30 v1.6 Font defs for Latin Modern
)
LaTeX Font Info:    Try loading font information for OMS+lmsy on input line 115
.

(/usr/share/texmf/tex/latex/lm/omslmsy.fd
File: omslmsy.fd 2009/10/30 v1.6 Font defs for Latin Modern
)
LaTeX Font Info:    Try loading font information for OMX+lmex on input line 115
.

(/usr/share/texmf/tex/latex/lm/omxlmex.fd
File: omxlmex.fd 2009/10/30 v1.6 Font defs for Latin Modern
)
LaTeX Font Info:    External font `lmex10' loaded for size
(Font)              <10> on input line 115.
LaTeX Font Info:    External font `lmex10' loaded for size
(Font)              <7> on input line 115.
LaTeX Font Info:    External font `lmex10' loaded for size
(Font)              <5> on input line 115.
LaTeX Font Info:    Try loading font information for U+msa on input line 115.

(/usr/share/texlive/texmf-dist/tex/latex/amsfonts/umsa.fd
File: umsa.fd 2013/01/14 v3.01 AMS symbols A
)
LaTeX Font Info:    Try loading font information for U+msb on input line 115.

(/usr/share/texlive/texmf-dist/tex/latex/amsfonts/umsb.fd
File: umsb.fd 2013/01/14 v3.01 AMS symbols B
)
LaTeX Font Info:    Try loading font information for T1+lmtt on input line 118.


(/usr/share/texmf/tex/latex/lm/t1lmtt.fd
File: t1lmtt.fd 2009/10/30 v1.6 Font defs for Latin Modern
)
LaTeX Font Info:    External font `lmex10' loaded for size
(Font)              <9> on input line 118.
LaTeX Font Info:    External font `lmex10' loaded for size
(Font)              <6> on input line 118.
 (./notes.toc [1


{/var/lib/texmf/fonts/map/pdftex/updmap/pdftex.map}])
\tf@toc=\write4
\openout4 = `notes.toc'.

 [2]
(/usr/share/texlive/texmf-dist/tex/latex/listings/lstlang1.sty
File: lstlang1.sty 2015/06/04 1.6 listings language file
)
(./code/datapreprocessingtemplate.py
LaTeX Font Info:    Try loading font information for TS1+lmr on input line 9.
 (/usr/share/texmf/tex/latex/lm/ts1lmr.fd
File: ts1lmr.fd 2009/10/30 v1.6 Font defs for Latin Modern
)
Overfull \hbox (28.54828pt too wide) in paragraph at lines 32--34
[][][][][][][][][][][][][][][][][][][][][][][][][][][][][][][][][][][] 
 []

) (/usr/share/texlive/texmf-dist/tex/latex/listings/lstlang1.sty
File: lstlang1.sty 2015/06/04 1.6 listings language file
)
(/usr/share/texlive/texmf-dist/tex/latex/listings/lstlang2.sty
File: lstlang2.sty 2015/06/04 1.6 listings language file
)
(/usr/share/texlive/texmf-dist/tex/latex/listings/lstlang3.sty
File: lstlang3.sty 2015/06/04 1.6 listings language file
)
(./code/datapreprocessingtemplate.R [3]) [4] (./code/regression_template.py
Overfull \hbox (28.54828pt too wide) in paragraph at lines 15--17
[][][][][][][][][][][][][][][][][][][][][][][][][][][][][][][][][][][][][][][][
][][][][][][][][][][][][][][][][][][][][][][][][][][][][][][][] 
 []

) (./code/regression_template.R [5]
Overfull \hbox (53.04861pt too wide) in paragraph at lines 29--30
[][][][][][][][][][][][][][][][][][][][][][][][][][][][][][][][][][][][][][][][
][][][][][][][][][][][][] 
 []


Overfull \hbox (53.04861pt too wide) in paragraph at lines 40--41
[][][][][][][][][][][][][][][][][][][][][][][][][][][][][][][][][][][][][][][][
][][][][][][][][][][][][] 
 []

)
Underfull \vbox (badness 10000) has occurred while \output is active []

 [6]
(./code/simple_linear_regression.py
Overfull \hbox (33.57416pt too wide) in paragraph at lines 25--26
[][][][][][][][][][][][][][][][][][][][][][][][][][][][][][][][][][][][][][][][
][][][][][][][][][][][][][][] 
 []

) (./code/simple_linear_regression.R [7]
Overfull \hbox (33.57416pt too wide) in paragraph at lines 18--19
[][][][][][][][][][][][][][][][][][][][][][][][][][][][][][][][][][][][][][][][
][][][][][][][][][][][][][][] 
 []


Overfull \hbox (5.37433pt too wide) in paragraph at lines 19--20
[][][][][][][][][][][][][][][][][][][][][][][][][] 
 []

) <pics/simple_linear_regression_python.png, id=40, 462.528pt x 346.896pt>
File: pics/simple_linear_regression_python.png Graphic file (type png)

<use pics/simple_linear_regression_python.png>
Package pdftex.def Info: pics/simple_linear_regression_python.png used on input
 line 215.
(pdftex.def)             Requested size: 277.51894pt x 208.13919pt.
 [8 <./pics/simple_linear_regression_python.png>]
Overfull \hbox (12.98672pt too wide) in paragraph at lines 247--248
[]\T1/lmr/m/n/10 More in-for-ma-tion: $\T1/lmtt/m/n/10 https : / / en . wikiped
ia . org / wiki / Multivariate _ normal _
 []


Overfull \hbox (33.12541pt too wide) in paragraph at lines 253--255
\T1/lmtt/m/n/10 / / www . researchconsultation . com / multicollinearity-[]mult
iple-[]regression .
 []

[9] (./code/multiple_linear_regression.py
Overfull \hbox (47.67407pt too wide) in paragraph at lines 35--36
[][][][][][][][][][][][][][][][][][][][][][][][][][][][][][][][][][][][][][][][
][][][][][][][][][][][][][][] 
 []

) (./code/multiple_linear_regression_be.py)
<pics/multiple_linear_regression_summary.png, id=50, 572.1375pt x 408.52625pt>
File: pics/multiple_linear_regression_summary.png Graphic file (type png)

<use pics/multiple_linear_regression_summary.png>
Package pdftex.def Info: pics/multiple_linear_regression_summary.png used on in
put line 317.
(pdftex.def)             Requested size: 343.28514pt x 245.11765pt.

Underfull \vbox (badness 10000) has occurred while \output is active []

 [10]
(./code/multiple_linear_regression.R
Overfull \hbox (47.67407pt too wide) in paragraph at lines 23--24
[][][][][][][][][][][][][][][][][][][][][][][][][][][][][][][][][][][][][][][][
][][][][][][][][][][][][][][] 
 []

) (./code/multiple_linear_regression_be.R
Overfull \hbox (8.13133pt too wide) in paragraph at lines 31--32
[][][][][][][][][][][][][][][][][][][][][][][][][][][][][][][][][][][][][][][][
][][][][][][][] 
 []


Overfull \hbox (102.04929pt too wide) in paragraph at lines 35--36
[][][][][][][][][][][][][][][][][][][][][][][][][][][][][][][][][][][][][][][][
][][][][][][][][][][][][][][][][][][][][][][][][][][][][][][][][][][][][][][][]
[][][][][][][][][][][][][][][][][][][][][][][][][][][][][][][][][][][][][][][][
][][][][][][][][][][][][][][][][] 
 []

)
Underfull \vbox (badness 1635) has occurred while \output is active []

 [11 <./pics/multiple_linear_regression_summary.png (PNG copy)>]
(./code/polynomial_regression.py
Overfull \hbox (19.47424pt too wide) in paragraph at lines 29--30
[][][][][][][][][][][][][][][][] 
 []

) (./code/polynomial_regression.R)
<pics/polynomial_regression_python.png, id=57, 462.528pt x 346.896pt>
File: pics/polynomial_regression_python.png Graphic file (type png)

<use pics/polynomial_regression_python.png>
Package pdftex.def Info: pics/polynomial_regression_python.png used on input li
ne 366.
(pdftex.def)             Requested size: 277.51894pt x 208.13919pt.
 [12] (./code/svr.py)
<pics/svr_python.png, id=61, 462.528pt x 346.896pt>
File: pics/svr_python.png Graphic file (type png)
 <use pics/svr_python.png>
Package pdftex.def Info: pics/svr_python.png used on input line 388.
(pdftex.def)             Requested size: 370.02289pt x 277.51717pt.

Overfull \hbox (22.89935pt too wide) in paragraph at lines 388--390
 [] 
 []


Underfull \vbox (badness 10000) has occurred while \output is active []

 [13 <./pics/polynomial_regression_python.png>] (./code/decision_tree_regressio
n.py
Overfull \hbox (12.42429pt too wide) in paragraph at lines 27--28
[][][][][][][][][][][][][][][][][][] 
 []

) (./code/decision_tree_regression.R [14 <./pics/svr_python.png>])
Overfull \hbox (47.67407pt too wide) in paragraph at lines 24--404
[][][][][][][][][][][][][][][][][][][][][] 
 []

<pics/decision_tree.png, id=73, 462.528pt x 346.896pt>
File: pics/decision_tree.png Graphic file (type png)

<use pics/decision_tree.png>
Package pdftex.def Info: pics/decision_tree.png used on input line 409.
(pdftex.def)             Requested size: 370.02289pt x 277.51717pt.

Overfull \hbox (22.89935pt too wide) in paragraph at lines 409--411
 [] 
 []

(./code/random_forest_regression.py
Overfull \hbox (5.37433pt too wide) in paragraph at lines 26--27
[][][][][][][][][][][][][][][][] 
 []


Overfull \hbox (146.37347pt too wide) in paragraph at lines 27--28
[][][][][][][][][][][][][][][][][][][][][][][][][][][][] 
 []

) [15 <./pics/decision_tree.png>] (./code/random_forest_regression.R
LaTeX Font Info:    External font `lmex10' loaded for size
(Font)              <12> on input line 23.
LaTeX Font Info:    External font `lmex10' loaded for size
(Font)              <8> on input line 23.
)
<pics/random_forest_python.png, id=78, 462.528pt x 346.896pt>
File: pics/random_forest_python.png Graphic file (type png)

<use pics/random_forest_python.png>
Package pdftex.def Info: pics/random_forest_python.png used on input line 431.
(pdftex.def)             Requested size: 370.02289pt x 277.51717pt.

Overfull \hbox (22.89935pt too wide) in paragraph at lines 431--433
 [] 
 []


Underfull \vbox (badness 10000) has occurred while \output is active []

 [16 <./pics/random_forest_python.png>]
Underfull \hbox (badness 10000) in paragraph at lines 460--461

 []

[17] <pics/classification_dataset.png, id=88, 462.528pt x 346.896pt>
File: pics/classification_dataset.png Graphic file (type png)

<use pics/classification_dataset.png>
Package pdftex.def Info: pics/classification_dataset.png used on input line 476
.
(pdftex.def)             Requested size: 370.02289pt x 277.51717pt.

Overfull \hbox (22.89935pt too wide) in paragraph at lines 476--478
 [] 
 []


Underfull \vbox (badness 10000) has occurred while \output is active []

 [18]
(./code/classification_template.py
Overfull \hbox (32.63167pt too wide) in paragraph at lines 15--17
[][][][][][][][][][][][][][][][][][][][][][][][][][][][][][][][][][][][][][][][
][][][][][][][][][][][][][][][][][][][][][][][][][][][] 
 []

[19 <./pics/classification_dataset.png>]
Overfull \hbox (81.63234pt too wide) in paragraph at lines 36--37
[][][][][][][][][][][][][][][][][][][][][][][][][][][][][][][][][][][][][][][][
][][][][][][][][][][][][][][][][][][][][][][][][][][][][][] 
 []


Overfull \hbox (81.63234pt too wide) in paragraph at lines 37--38
[][][][][][][][][][][][][][][][][][][][][][][][][][][][][][][][][][][][][][][][
][][][][][][][][][][][][][][][][][][][] 
 []


Overfull \hbox (44.88184pt too wide) in paragraph at lines 38--39
[][][][][][][][][][][][][][][][][][][][][][][][][][][][][][][][][][][][][][] 
 []


Overfull \hbox (81.63234pt too wide) in paragraph at lines 54--55
[][][][][][][][][][][][][][][][][][][][][][][][][][][][][][][][][][][][][][][][
][][][][][][][][][][][][][][][][][][][][][][][][][][][][][] 
 []


Overfull \hbox (81.63234pt too wide) in paragraph at lines 55--56
[][][][][][][][][][][][][][][][][][][][][][][][][][][][][][][][][][][][][][][][
][][][][][][][][][][][][][][][][][][][] 
 []


Overfull \hbox (44.88184pt too wide) in paragraph at lines 56--57
[][][][][][][][][][][][][][][][][][][][][][][][][][][][][][][][][][][][][][] 
 []

) (./code/classification_template.R [20])
<pics/logistic_basic.png, id=100, 462.72874pt x 569.12625pt>
File: pics/logistic_basic.png Graphic file (type png)

<use pics/logistic_basic.png>
Package pdftex.def Info: pics/logistic_basic.png used on input line 518.
(pdftex.def)             Requested size: 370.1835pt x 455.30162pt.

Overfull \hbox (23.05997pt too wide) in paragraph at lines 518--520
 [] 
 []


Underfull \vbox (badness 10000) has occurred while \output is active []

 [21]
(./code/logistic_regression.py
Underfull \vbox (badness 10000) has occurred while \output is active []

 [22 <./pics/logistic_basic.png>]
Overfull \hbox (12.42429pt too wide) in paragraph at lines 24--25
[][][][][][][][][][][][][][][][][][][][] 
 []

) (./code/logistic_regression.R)
<pics/logistic.png, id=108, 462.528pt x 346.896pt>
File: pics/logistic.png Graphic file (type png)
 <use pics/logistic.png>
Package pdftex.def Info: pics/logistic.png used on input line 538.
(pdftex.def)             Requested size: 370.02289pt x 277.51717pt.

Overfull \hbox (22.89935pt too wide) in paragraph at lines 538--540
 [] 
 []


Underfull \vbox (badness 10000) has occurred while \output is active []

 [23 <./pics/logistic.png>] (./code/knn.py
Overfull \hbox (5.37433pt too wide) in paragraph at lines 24--25
[][][][][][][][][][][][][][][][] 
 []


Overfull \hbox (5.37433pt too wide) in paragraph at lines 25--26
[][][][][][][][][][][][][][][][][][] 
 []

) (./code/knn.R
Overfull \hbox (146.37347pt too wide) in paragraph at lines 22--23
[][][][][][][][][][][][][][][][][][][][][][][][][][][][][][][][][][][][][][][][
][][][][][][][][][][][][][][][][][][][][][][][][][][][][][][][][][][][][][][][]
[][][][][] 
 []

) <pics/KNN.png, id=113, 462.528pt x 346.896pt>
File: pics/KNN.png Graphic file (type png)
 <use pics/KNN.png>
Package pdftex.def Info: pics/KNN.png used on input line 558.
(pdftex.def)             Requested size: 370.02289pt x 277.51717pt.

Overfull \hbox (22.89935pt too wide) in paragraph at lines 558--560
 [] 
 []


Underfull \vbox (badness 10000) has occurred while \output is active []

 [24]
<pics/svm_basic.png, id=117, 936.49875pt x 597.23125pt>
File: pics/svm_basic.png Graphic file (type png)

<use pics/svm_basic.png>
Package pdftex.def Info: pics/svm_basic.png used on input line 571.
(pdftex.def)             Requested size: 468.24823pt x 298.61488pt.

Overfull \hbox (121.1247pt too wide) in paragraph at lines 571--573
 [] 
 []


Underfull \vbox (badness 10000) has occurred while \output is active []

 [25 <./pics/KNN.png>] (./code/svm.py
Overfull \hbox (26.5242pt too wide) in paragraph at lines 25--26
[][][][][][][][][][][][][][][][][][][][][][][][][][][][][][][][][] 
 []

) (./code/svm.R [26 <./pics/svm_basic.png>])
<pics/svm_linear.png, id=128, 462.528pt x 346.896pt>
File: pics/svm_linear.png Graphic file (type png)
 <use pics/svm_linear.png>
Package pdftex.def Info: pics/svm_linear.png used on input line 587.
(pdftex.def)             Requested size: 370.02289pt x 277.51717pt.

Overfull \hbox (22.89935pt too wide) in paragraph at lines 587--589
 [] 
 []

<pics/svm.png, id=129, 462.528pt x 346.896pt>
File: pics/svm.png Graphic file (type png)
 <use pics/svm.png>
Package pdftex.def Info: pics/svm.png used on input line 596.
(pdftex.def)             Requested size: 370.02289pt x 277.51717pt.

Overfull \hbox (22.89935pt too wide) in paragraph at lines 596--598
 [] 
 []


Underfull \vbox (badness 10000) has occurred while \output is active []

 [27 <./pics/svm_linear.png>] [28 <./pics/svm.png>] (./code/naive_bayes.py)
(./code/naive_bayes.R)
Overfull \hbox (12.42429pt too wide) in paragraph at lines 26--630
[][][][][][][][][][][][][][][][][][][][] 
 []

<pics/bayes.png, id=139, 462.528pt x 346.896pt>
File: pics/bayes.png Graphic file (type png)
 <use pics/bayes.png>
Package pdftex.def Info: pics/bayes.png used on input line 636.
(pdftex.def)             Requested size: 370.02289pt x 277.51717pt.

Overfull \hbox (22.89935pt too wide) in paragraph at lines 636--638
 [] 
 []


Underfull \vbox (badness 10000) has occurred while \output is active []

 [29]
(./code/decision_tree_classification.py
Overfull \hbox (61.77399pt too wide) in paragraph at lines 23--24
[][][][][][][][][][][][][][][][][][][][][][][][][][][][][][][][][][][][][][][][
][][][][][][][][][][][][][][] 
 []


Overfull \hbox (61.77399pt too wide) in paragraph at lines 25--26
[][][][][][][][][][][][][][][][][][][][][][][] 
 []

) (./code/decision_tree_classification.R
Overfull \hbox (61.77399pt too wide) in paragraph at lines 22--23
[][][][][][][][][][][][][][][][][][][][][][][][][][][][][][][][][][][][][][][][
][][][][][][][][][][][][][][] 
 []

[30 <./pics/bayes.png>]) <pics/dtc.png, id=147, 462.528pt x 346.896pt>
File: pics/dtc.png Graphic file (type png)

<use pics/dtc.png>
Package pdftex.def Info: pics/dtc.png used on input line 658.
(pdftex.def)             Requested size: 370.02289pt x 277.51717pt.

Overfull \hbox (22.89935pt too wide) in paragraph at lines 658--660
 [] 
 []


Overfull \hbox (8.62486pt too wide) in paragraph at lines 664--665
[]\T1/lmr/m/n/10 In R we can also see the De-ci-sion Tree it-self sim-ply by us
-ing []\T1/lmtt/m/n/10 plot(classifier)\T1/lmr/m/n/10 . 
 []

<pics/dtr.png, id=148, 1331.97626pt x 659.46375pt>
File: pics/dtr.png Graphic file (type png)
 <use pics/dtr.png>
Package pdftex.def Info: pics/dtr.png used on input line 669.
(pdftex.def)             Requested size: 439.55353pt x 217.6237pt.

Overfull \hbox (92.43pt too wide) in paragraph at lines 669--671
 [] 
 []


Underfull \vbox (badness 10000) has occurred while \output is active []

 [31 <./pics/dtc.png>] (./code/random_forest_classification.py
Overfull \hbox (61.77399pt too wide) in paragraph at lines 23--24
[][][][][][][][][][][][][][][][][][][][][][][][][][][][][][][][][][][][][][][][
][][][][][][][][][][][][][][] 
 []


Overfull \hbox (12.42429pt too wide) in paragraph at lines 24--25
[][][][][][][][][][][][][][][][] 
 []


Overfull \hbox (33.57416pt too wide) in paragraph at lines 25--26
[][][][][][][][][][][][][][][][][][] 
 []

) (./code/random_forest_classification.R
Overfull \hbox (61.77399pt too wide) in paragraph at lines 22--23
[][][][][][][][][][][][][][][][][][][][][][][][][][][][][][][][][][][][][][][][
][][][][][][][][][][][][][][] 
 []


Overfull \hbox (26.5242pt too wide) in paragraph at lines 27--28
[][][][][][][][][][][][][][][][][][][][] 
 []

[32 <./pics/dtr.png>]) <pics/rfc.png, id=157, 462.528pt x 346.896pt>
File: pics/rfc.png Graphic file (type png)

<use pics/rfc.png>
Package pdftex.def Info: pics/rfc.png used on input line 689.
(pdftex.def)             Requested size: 370.02289pt x 277.51717pt.

Overfull \hbox (22.89935pt too wide) in paragraph at lines 689--691
 [] 
 []

<pics/cm.png, id=158, 749.80125pt x 342.27875pt>
File: pics/cm.png Graphic file (type png)
 <use pics/cm.png>
Package pdftex.def Info: pics/cm.png used on input line 710.
(pdftex.def)             Requested size: 374.8997pt x 171.13895pt.

Overfull \hbox (27.77617pt too wide) in paragraph at lines 710--712
 [] 
 []

[33 <./pics/rfc.png>]
Underfull \vbox (badness 2197) has occurred while \output is active []

 [34 <./pics/cm.png>] <pics/cap.png, id=167, 997.7275pt x 443.6575pt>
File: pics/cap.png Graphic file (type png)
 <use pics/cap.png>
Package pdftex.def Info: pics/cap.png used on input line 767.
(pdftex.def)             Requested size: 399.08392pt x 177.45984pt.

Overfull \hbox (51.96039pt too wide) in paragraph at lines 767--769
 [] 
 []

[35 <./pics/cap.png>] <pics/k_means_data.png, id=171, 462.528pt x 346.896pt>
File: pics/k_means_data.png Graphic file (type png)

<use pics/k_means_data.png>
Package pdftex.def Info: pics/k_means_data.png used on input line 787.
(pdftex.def)             Requested size: 370.02289pt x 277.51717pt.

Overfull \hbox (22.89935pt too wide) in paragraph at lines 787--789
 [] 
 []

[36 <./pics/k_means_data.png>] <pics/elbow.png, id=176, 462.528pt x 346.896pt>
File: pics/elbow.png Graphic file (type png)

<use pics/elbow.png>
Package pdftex.def Info: pics/elbow.png used on input line 825.
(pdftex.def)             Requested size: 370.02289pt x 277.51717pt.

Overfull \hbox (22.89935pt too wide) in paragraph at lines 825--827
 [] 
 []


Underfull \vbox (badness 10000) has occurred while \output is active []

 [37]
(./code/kmeans.py [38 <./pics/elbow.png>]
Overfull \hbox (36.71506pt too wide) in paragraph at lines 30--31
[][][][][][][][][][][][][][][][][][][][][][][][][][][][][][][][][][][][][][][][
][][][][][][][][][][][][][][][][][][][][][][][][][][][][][][][][][][][][] 
 []


Overfull \hbox (40.79845pt too wide) in paragraph at lines 31--32
[][][][][][][][][][][][][][][][][][][][][][][][][][][][][][][][][][][][][][][][
][][][][][][][][][][][][][][][][][][][][][][][][][][][][][][][][][][][][] 
 []


Overfull \hbox (44.88184pt too wide) in paragraph at lines 32--33
[][][][][][][][][][][][][][][][][][][][][][][][][][][][][][][][][][][][][][][][
][][][][][][][][][][][][][][][][][][][][][][][][][][][][][][][][][][][][] 
 []


Overfull \hbox (40.79845pt too wide) in paragraph at lines 33--34
[][][][][][][][][][][][][][][][][][][][][][][][][][][][][][][][][][][][][][][][
][][][][][][][][][][][][][][][][][][][][][][][][][][][][][][][][][][][][] 
 []


Overfull \hbox (53.04861pt too wide) in paragraph at lines 34--35
[][][][][][][][][][][][][][][][][][][][][][][][][][][][][][][][][][][][][][][][
][][][][][][][][][][][][][][][][][][][][][][][][][][][][][][][][][][][][] 
 []

) (./code/kmeans.R) <pics/k_means.png, id=185, 462.528pt x 346.896pt>
File: pics/k_means.png Graphic file (type png)

<use pics/k_means.png>
Package pdftex.def Info: pics/k_means.png used on input line 848.
(pdftex.def)             Requested size: 370.02289pt x 277.51717pt.

Overfull \hbox (22.89935pt too wide) in paragraph at lines 848--850
 [] 
 []


Underfull \vbox (badness 10000) has occurred while \output is active []

 [39]
<pics/hc_dendrogram.png, id=189, 462.528pt x 346.896pt>
File: pics/hc_dendrogram.png Graphic file (type png)

<use pics/hc_dendrogram.png>
Package pdftex.def Info: pics/hc_dendrogram.png used on input line 881.
(pdftex.def)             Requested size: 370.02289pt x 277.51717pt.

Overfull \hbox (22.89935pt too wide) in paragraph at lines 881--883
 [] 
 []

[40 <./pics/k_means.png>] <pics/hc.png, id=194, 462.528pt x 346.896pt>
File: pics/hc.png Graphic file (type png)

<use pics/hc.png>
Package pdftex.def Info: pics/hc.png used on input line 894.
(pdftex.def)             Requested size: 370.02289pt x 277.51717pt.

Overfull \hbox (22.89935pt too wide) in paragraph at lines 894--896
 [] 
 []


Underfull \vbox (badness 10000) has occurred while \output is active []

 [41 <./pics/hc_dendrogram.png>] [42 <./pics/hc.png>]
Overfull \hbox (76.24806pt too wide) in paragraph at lines 912--913
[][] 
 []

(./code/apriori.R
Overfull \hbox (36.71506pt too wide) in paragraph at lines 7--8
[][][][][][][][][][][][][][][][][][][][][][][][][][][][][][][][][][][][][][][][
][][][][][][][][][][][][][][][][][][][][][][][] 
 []

) <pics/apriori_data.png, id=203, 699.61375pt x 413.545pt>
File: pics/apriori_data.png Graphic file (type png)

<use pics/apriori_data.png>
Package pdftex.def Info: pics/apriori_data.png used on input line 942.
(pdftex.def)             Requested size: 419.77148pt x 248.1289pt.

Overfull \hbox (72.64795pt too wide) in paragraph at lines 942--944
 [] 
 []

[43] <pics/apriori_support.png, id=208, 665.48625pt x 675.52374pt>
File: pics/apriori_support.png Graphic file (type png)

<use pics/apriori_support.png>
Package pdftex.def Info: pics/apriori_support.png used on input line 951.
(pdftex.def)             Requested size: 399.29483pt x 405.31737pt.

Overfull \hbox (52.1713pt too wide) in paragraph at lines 951--953
 [] 
 []


Underfull \vbox (badness 10000) has occurred while \output is active []

 [44 <./pics/apriori_data.png>]
<pics/apriori_result.png, id=212, 704.6325pt x 229.85875pt>
File: pics/apriori_result.png Graphic file (type png)

<use pics/apriori_result.png>
Package pdftex.def Info: pics/apriori_result.png used on input line 961.
(pdftex.def)             Requested size: 422.78278pt x 137.91629pt.

Overfull \hbox (75.65924pt too wide) in paragraph at lines 961--963
 [] 
 []


Underfull \vbox (badness 10000) has occurred while \output is active []

 [45 <./pics/apriori_support.png>] (./code/eclat.R)
Overfull \hbox (12.42429pt too wide) in paragraph at lines 13--983
[][][][][][][][][][][][][][][][][][][][][][][] 
 []

[46 <./pics/apriori_result.png>] [47] [48] [49] [50]
No file notes.bbl.
[51] (./notes.aux)

LaTeX Warning: There were multiply-defined labels.

 ) 
Here is how much of TeX's memory you used:
 8943 strings out of 493029
 128010 string characters out of 6136235
 299174 words of memory out of 5000000
 12166 multiletter control sequences out of 15000+600000
 68295 words of font info for 66 fonts, out of 8000000 for 9000
 1141 hyphenation exceptions out of 8191
 40i,10n,47p,745b,2362s stack positions out of 5000i,500n,10000p,200000b,80000s
{/usr/share/texmf/fonts/enc/dvips/lm/lm-ec.enc}{/usr/share/texmf/fonts/enc/dv
ips/lm/lm-rm.enc}{/usr/share/texmf/fonts/enc/dvips/lm/lm-mathit.enc}{/usr/share
/texmf/fonts/enc/dvips/lm/lm-mathsy.enc}{/usr/share/texmf/fonts/enc/dvips/lm/lm
-mathex.enc}{/usr/share/texmf/fonts/enc/dvips/lm/lm-ts1.enc}</usr/share/texmf/f
onts/type1/public/lm/lmbx10.pfb></usr/share/texmf/fonts/type1/public/lm/lmbx12.
pfb></usr/share/texmf/fonts/type1/public/lm/lmbx9.pfb></usr/share/texmf/fonts/t
ype1/public/lm/lmex10.pfb></usr/share/texmf/fonts/type1/public/lm/lmmi10.pfb></
usr/share/texmf/fonts/type1/public/lm/lmmi5.pfb></usr/share/texmf/fonts/type1/p
ublic/lm/lmmi7.pfb></usr/share/texmf/fonts/type1/public/lm/lmmi9.pfb></usr/shar
e/texmf/fonts/type1/public/lm/lmr10.pfb></usr/share/texmf/fonts/type1/public/lm
/lmr12.pfb></usr/share/texmf/fonts/type1/public/lm/lmr5.pfb></usr/share/texmf/f
onts/type1/public/lm/lmr7.pfb></usr/share/texmf/fonts/type1/public/lm/lmr9.pfb>
</usr/share/texmf/fonts/type1/public/lm/lmri10.pfb></usr/share/texmf/fonts/type
1/public/lm/lmsy10.pfb></usr/share/texmf/fonts/type1/public/lm/lmsy5.pfb></usr/
share/texmf/fonts/type1/public/lm/lmsy7.pfb></usr/share/texmf/fonts/type1/publi
c/lm/lmtt10.pfb></usr/share/texmf/fonts/type1/public/lm/lmtt9.pfb>
Output written on notes.pdf (51 pages, 1570858 bytes).
PDF statistics:
 309 PDF objects out of 1000 (max. 8388607)
 189 compressed objects within 2 object streams
 0 named destinations out of 1000 (max. 500000)
 136 words of extra memory for PDF output out of 10000 (max. 10000000)

